<?xml version="1.0" encoding="UTF-8"?>
<!-- Generated by org.testng.reporters.JUnitXMLReporter -->
<testsuite hostname="DESKTOP-QMEQBPR" ignored="2" name="Test" tests="2" failures="0" timestamp="11 Jul 2017 07:50:16 GMT" time="108.993" errors="0">
  <testcase name="testValidLoginLogout" time="27.759" classname="script.ValidLoginLogout"/>
  <testcase name="testInvalidLogin" time="8.543" classname="script.InvalidLogin"/>
  <testcase name="@BeforeSuite iniFramework" time="0.0" classname="generic.BaseTest">
    <ignored/>
  </testcase> <!-- @BeforeSuite iniFramework -->
  <testcase name="@BeforeSuite iniFramework" time="0.0" classname="generic.BaseTest">
    <ignored/>
  </testcase> <!-- @BeforeSuite iniFramework -->
</testsuite> <!-- Test -->
