<?xml version="1.0" encoding="UTF-8"?>
<testng-results skipped="0" failed="0" ignored="0" total="1" passed="1">
  <reporter-output>
  </reporter-output>
  <suite name="Default suite" duration-ms="46974" started-at="2017-07-11T08:27:35Z" finished-at="2017-07-11T08:28:22Z">
    <groups>
    </groups>
    <test name="Default test" duration-ms="46974" started-at="2017-07-11T08:27:35Z" finished-at="2017-07-11T08:28:22Z">
      <class name="script.VerifyProductEdition">
        <test-method status="PASS" signature="iniFramework()[pri:0, instance:script.VerifyProductEdition@1ed4004b]" name="iniFramework" is-config="true" duration-ms="21" started-at="2017-07-11T13:57:35Z" finished-at="2017-07-11T13:57:35Z">
          <reporter-output>
          </reporter-output>
        </test-method> <!-- iniFramework -->
        <test-method status="PASS" signature="openapp(java.lang.String)[pri:0, instance:script.VerifyProductEdition@1ed4004b]" name="openapp" is-config="true" duration-ms="19553" started-at="2017-07-11T13:57:35Z" finished-at="2017-07-11T13:57:54Z">
          <params>
            <param index="0">
              <value>
                <![CDATA[firefox]]>
              </value>
            </param>
          </params>
          <reporter-output>
          </reporter-output>
        </test-method> <!-- openapp -->
        <test-method status="PASS" signature="testProductEdition()[pri:3, instance:script.VerifyProductEdition@1ed4004b]" name="testProductEdition" duration-ms="24302" started-at="2017-07-11T13:57:54Z" finished-at="2017-07-11T13:58:18Z">
          <reporter-output>
          </reporter-output>
        </test-method> <!-- testProductEdition -->
        <test-method status="PASS" signature="closeapp()[pri:0, instance:script.VerifyProductEdition@1ed4004b]" name="closeapp" is-config="true" duration-ms="3081" started-at="2017-07-11T13:58:18Z" finished-at="2017-07-11T13:58:22Z">
          <reporter-output>
          </reporter-output>
        </test-method> <!-- closeapp -->
      </class> <!-- script.VerifyProductEdition -->
    </test> <!-- Default test -->
  </suite> <!-- Default suite -->
</testng-results>
